build/app/intermediates/manifest_merge_blame_file/release/manifest-merger-blame-release-report.txt
1<?xml version="1.0" encoding="utf-8"?>
2<manifest xmlns:android="http://schemas.android.com/apk/res/android"
3    package="com.example.task"
4    android:versionCode="1"
5    android:versionName="1.0.0" >
6
7    <uses-sdk
8        android:minSdkVersion="21"
8-->src\main\AndroidManifest.xml
9        android:targetSdkVersion="33" />
9-->src\main\AndroidManifest.xml
10
11    <uses-permission android:name="android.permission.INTERNET" />
11-->src\main\AndroidManifest.xml:34:5-66
11-->src\main\AndroidManifest.xml:34:22-64
12    <!-- See https://developer.android.com/training/package-visibility/declaring for more details. -->
13    <queries>
13-->[com.stripe:payments-core:20.1.0] AndroidManifest.xml:10:5-14:15
14
15        <!-- Added to check if Chrome is installed for browser-based payment authentication (e.g. 3DS1). -->
16        <package android:name="com.android.chrome" />
16-->[com.stripe:payments-core:20.1.0] AndroidManifest.xml:13:9-54
16-->[com.stripe:payments-core:20.1.0] AndroidManifest.xml:13:18-51
17        <!-- Needs to be explicitly declared on Android R+ -->
18        <package android:name="com.google.android.apps.maps" />
18-->[com.google.android.gms:play-services-maps:18.0.2] AndroidManifest.xml:33:9-64
18-->[com.google.android.gms:play-services-maps:18.0.2] AndroidManifest.xml:33:18-61
19    </queries> <!-- Include required permissions for Google Maps API to run. -->
20    <uses-permission android:name="android.permission.ACCESS_NETWORK_STATE" />
20-->[com.google.android.gms:play-services-maps:18.0.2] AndroidManifest.xml:23:5-79
20-->[com.google.android.gms:play-services-maps:18.0.2] AndroidManifest.xml:23:22-76
21
22    <uses-feature
22-->[com.google.android.gms:play-services-maps:18.0.2] AndroidManifest.xml:26:5-28:35
23        android:glEsVersion="0x00020000"
23-->[com.google.android.gms:play-services-maps:18.0.2] AndroidManifest.xml:27:9-41
24        android:required="true" />
24-->[com.google.android.gms:play-services-maps:18.0.2] AndroidManifest.xml:28:9-32
25
26    <application
27        android:name="android.app.Application"
27-->src\main\AndroidManifest.xml:5:9-42
28        android:appComponentFactory="androidx.core.app.CoreComponentFactory"
28-->[androidx.core:core:1.8.0] AndroidManifest.xml:24:18-86
29        android:icon="@mipmap/ic_launcher"
29-->src\main\AndroidManifest.xml:6:9-43
30        android:label="FWB" >
30-->src\main\AndroidManifest.xml:4:9-28
31        <activity
31-->src\main\AndroidManifest.xml:7:9-27:20
32            android:name="com.example.task.MainActivity"
32-->src\main\AndroidManifest.xml:8:13-41
33            android:configChanges="orientation|keyboardHidden|keyboard|screenSize|smallestScreenSize|locale|layoutDirection|fontScale|screenLayout|density|uiMode"
33-->src\main\AndroidManifest.xml:12:13-163
34            android:exported="true"
34-->src\main\AndroidManifest.xml:9:13-36
35            android:hardwareAccelerated="true"
35-->src\main\AndroidManifest.xml:13:13-47
36            android:launchMode="singleTop"
36-->src\main\AndroidManifest.xml:10:13-43
37            android:theme="@style/LaunchTheme"
37-->src\main\AndroidManifest.xml:11:13-47
38            android:windowSoftInputMode="adjustResize" >
38-->src\main\AndroidManifest.xml:14:13-55
39
40            <!--
41                 Specifies an Android theme to apply to this Activity as soon as
42                 the Android process has started. This theme is visible to the user
43                 while the Flutter UI initializes. After that, this theme continues
44                 to determine the Window background behind the Flutter UI.
45            -->
46            <meta-data
46-->src\main\AndroidManifest.xml:19:13-22:17
47                android:name="io.flutter.embedding.android.NormalTheme"
47-->src\main\AndroidManifest.xml:20:15-70
48                android:resource="@style/NormalTheme" />
48-->src\main\AndroidManifest.xml:21:15-52
49
50            <intent-filter>
50-->src\main\AndroidManifest.xml:23:13-26:29
51                <action android:name="android.intent.action.MAIN" />
51-->src\main\AndroidManifest.xml:24:17-68
51-->src\main\AndroidManifest.xml:24:25-66
52
53                <category android:name="android.intent.category.LAUNCHER" />
53-->src\main\AndroidManifest.xml:25:17-76
53-->src\main\AndroidManifest.xml:25:27-74
54            </intent-filter>
55        </activity>
56        <!--
57             Don't delete the meta-data below.
58             This is used by the Flutter tool to generate GeneratedPluginRegistrant.java
59        -->
60        <meta-data
60-->src\main\AndroidManifest.xml:30:9-32:33
61            android:name="flutterEmbedding"
61-->src\main\AndroidManifest.xml:31:13-44
62            android:value="2" />
62-->src\main\AndroidManifest.xml:32:13-30
63
64        <provider
64-->[:image_picker_android] AndroidManifest.xml:10:9-18:20
65            android:name="io.flutter.plugins.imagepicker.ImagePickerFileProvider"
65-->[:image_picker_android] AndroidManifest.xml:11:13-82
66            android:authorities="com.example.task.flutter.image_provider"
66-->[:image_picker_android] AndroidManifest.xml:12:13-74
67            android:exported="false"
67-->[:image_picker_android] AndroidManifest.xml:13:13-37
68            android:grantUriPermissions="true" >
68-->[:image_picker_android] AndroidManifest.xml:14:13-47
69            <meta-data
69-->[:image_picker_android] AndroidManifest.xml:15:13-17:75
70                android:name="android.support.FILE_PROVIDER_PATHS"
70-->[:image_picker_android] AndroidManifest.xml:16:17-67
71                android:resource="@xml/flutter_image_picker_file_paths" />
71-->[:image_picker_android] AndroidManifest.xml:17:17-72
72        </provider>
73
74        <activity
74-->[:url_launcher_android] AndroidManifest.xml:10:9-13:74
75            android:name="io.flutter.plugins.urllauncher.WebViewActivity"
75-->[:url_launcher_android] AndroidManifest.xml:11:13-74
76            android:exported="false"
76-->[:url_launcher_android] AndroidManifest.xml:12:13-37
77            android:theme="@android:style/Theme.NoTitleBar.Fullscreen" />
77-->[:url_launcher_android] AndroidManifest.xml:13:13-71
78        <activity
78-->[com.stripe:paymentsheet:20.1.0] AndroidManifest.xml:10:9-13:69
79            android:name="com.stripe.android.paymentsheet.PaymentSheetActivity"
79-->[com.stripe:paymentsheet:20.1.0] AndroidManifest.xml:11:13-80
80            android:exported="false"
80-->[com.stripe:paymentsheet:20.1.0] AndroidManifest.xml:12:13-37
81            android:theme="@style/StripePaymentSheetDefaultTheme" />
81-->[com.stripe:paymentsheet:20.1.0] AndroidManifest.xml:13:13-66
82        <activity
82-->[com.stripe:paymentsheet:20.1.0] AndroidManifest.xml:14:9-17:69
83            android:name="com.stripe.android.paymentsheet.PaymentOptionsActivity"
83-->[com.stripe:paymentsheet:20.1.0] AndroidManifest.xml:15:13-82
84            android:exported="false"
84-->[com.stripe:paymentsheet:20.1.0] AndroidManifest.xml:16:13-37
85            android:theme="@style/StripePaymentSheetDefaultTheme" />
85-->[com.stripe:paymentsheet:20.1.0] AndroidManifest.xml:17:13-66
86        <activity
86-->[com.stripe:link:20.1.0] AndroidManifest.xml:10:9-13:44
87            android:name="com.stripe.android.link.LinkActivity"
87-->[com.stripe:link:20.1.0] AndroidManifest.xml:11:13-64
88            android:exported="false"
88-->[com.stripe:link:20.1.0] AndroidManifest.xml:12:13-37
89            android:label="@string/link" />
89-->[com.stripe:link:20.1.0] AndroidManifest.xml:13:13-41
90        <activity
90-->[com.stripe:payments-core:20.1.0] AndroidManifest.xml:17:9-20:57
91            android:name="com.stripe.android.view.AddPaymentMethodActivity"
91-->[com.stripe:payments-core:20.1.0] AndroidManifest.xml:18:13-76
92            android:exported="false"
92-->[com.stripe:payments-core:20.1.0] AndroidManifest.xml:19:13-37
93            android:theme="@style/StripeDefaultTheme" />
93-->[com.stripe:payments-core:20.1.0] AndroidManifest.xml:20:13-54
94        <activity
94-->[com.stripe:payments-core:20.1.0] AndroidManifest.xml:21:9-24:57
95            android:name="com.stripe.android.view.PaymentMethodsActivity"
95-->[com.stripe:payments-core:20.1.0] AndroidManifest.xml:22:13-74
96            android:exported="false"
96-->[com.stripe:payments-core:20.1.0] AndroidManifest.xml:23:13-37
97            android:theme="@style/StripeDefaultTheme" />
97-->[com.stripe:payments-core:20.1.0] AndroidManifest.xml:24:13-54
98        <activity
98-->[com.stripe:payments-core:20.1.0] AndroidManifest.xml:25:9-28:57
99            android:name="com.stripe.android.view.PaymentFlowActivity"
99-->[com.stripe:payments-core:20.1.0] AndroidManifest.xml:26:13-71
100            android:exported="false"
100-->[com.stripe:payments-core:20.1.0] AndroidManifest.xml:27:13-37
101            android:theme="@style/StripeDefaultTheme" />
101-->[com.stripe:payments-core:20.1.0] AndroidManifest.xml:28:13-54
102        <activity
102-->[com.stripe:payments-core:20.1.0] AndroidManifest.xml:29:9-33:58
103            android:name="com.stripe.android.view.PaymentAuthWebViewActivity"
103-->[com.stripe:payments-core:20.1.0] AndroidManifest.xml:30:13-78
104            android:exported="false"
104-->[com.stripe:payments-core:20.1.0] AndroidManifest.xml:31:13-37
105            android:theme="@style/StripeDefaultTheme"
105-->[com.stripe:payments-core:20.1.0] AndroidManifest.xml:32:13-54
106            android:windowSoftInputMode="adjustResize" />
106-->[com.stripe:payments-core:20.1.0] AndroidManifest.xml:33:13-55
107        <activity
107-->[com.stripe:payments-core:20.1.0] AndroidManifest.xml:34:9-37:61
108            android:name="com.stripe.android.view.PaymentRelayActivity"
108-->[com.stripe:payments-core:20.1.0] AndroidManifest.xml:35:13-72
109            android:exported="false"
109-->[com.stripe:payments-core:20.1.0] AndroidManifest.xml:36:13-37
110            android:theme="@style/StripeTransparentTheme" />
110-->[com.stripe:payments-core:20.1.0] AndroidManifest.xml:37:13-58
111        <!--
112        Set android:launchMode="singleTop" so that the StripeBrowserLauncherActivity instance that
113        launched the browser Activity will also handle the return URL deep link.
114        -->
115        <activity
115-->[com.stripe:payments-core:20.1.0] AndroidManifest.xml:43:9-47:61
116            android:name="com.stripe.android.payments.StripeBrowserLauncherActivity"
116-->[com.stripe:payments-core:20.1.0] AndroidManifest.xml:44:13-85
117            android:exported="false"
117-->[com.stripe:payments-core:20.1.0] AndroidManifest.xml:45:13-37
118            android:launchMode="singleTask"
118-->[com.stripe:payments-core:20.1.0] AndroidManifest.xml:46:13-44
119            android:theme="@style/StripeTransparentTheme" />
119-->[com.stripe:payments-core:20.1.0] AndroidManifest.xml:47:13-58
120        <activity
120-->[com.stripe:payments-core:20.1.0] AndroidManifest.xml:48:9-65:20
121            android:name="com.stripe.android.payments.StripeBrowserProxyReturnActivity"
121-->[com.stripe:payments-core:20.1.0] AndroidManifest.xml:49:13-88
122            android:exported="true"
122-->[com.stripe:payments-core:20.1.0] AndroidManifest.xml:50:13-36
123            android:launchMode="singleTask"
123-->[com.stripe:payments-core:20.1.0] AndroidManifest.xml:51:13-44
124            android:theme="@style/StripeTransparentTheme" >
124-->[com.stripe:payments-core:20.1.0] AndroidManifest.xml:52:13-58
125            <intent-filter>
125-->[com.stripe:payments-core:20.1.0] AndroidManifest.xml:53:13-64:29
126                <action android:name="android.intent.action.VIEW" />
126-->[com.stripe:payments-core:20.1.0] AndroidManifest.xml:54:17-69
126-->[com.stripe:payments-core:20.1.0] AndroidManifest.xml:54:25-66
127
128                <category android:name="android.intent.category.DEFAULT" />
128-->[com.stripe:payments-core:20.1.0] AndroidManifest.xml:56:17-76
128-->[com.stripe:payments-core:20.1.0] AndroidManifest.xml:56:27-73
129                <category android:name="android.intent.category.BROWSABLE" />
129-->[com.stripe:payments-core:20.1.0] AndroidManifest.xml:57:17-78
129-->[com.stripe:payments-core:20.1.0] AndroidManifest.xml:57:27-75
130
131                <!-- Must match `DefaultReturnUrl#value`. -->
132                <data
132-->[com.stripe:payments-core:20.1.0] AndroidManifest.xml:60:17-63:50
133                    android:host="payment_return_url"
133-->[com.stripe:payments-core:20.1.0] AndroidManifest.xml:61:21-54
134                    android:path="/com.example.task"
134-->[com.stripe:payments-core:20.1.0] AndroidManifest.xml:62:21-53
135                    android:scheme="stripesdk" />
135-->[com.stripe:payments-core:20.1.0] AndroidManifest.xml:63:21-47
136            </intent-filter>
137        </activity>
138        <activity
138-->[com.stripe:payments-core:20.1.0] AndroidManifest.xml:66:9-69:57
139            android:name="com.stripe.android.payments.core.authentication.threeds2.Stripe3ds2TransactionActivity"
139-->[com.stripe:payments-core:20.1.0] AndroidManifest.xml:67:13-114
140            android:exported="false"
140-->[com.stripe:payments-core:20.1.0] AndroidManifest.xml:68:13-37
141            android:theme="@style/StripeDefaultTheme" />
141-->[com.stripe:payments-core:20.1.0] AndroidManifest.xml:69:13-54
142        <activity
142-->[com.stripe:payments-core:20.1.0] AndroidManifest.xml:70:9-73:66
143            android:name="com.stripe.android.googlepaylauncher.StripeGooglePayActivity"
143-->[com.stripe:payments-core:20.1.0] AndroidManifest.xml:71:13-88
144            android:exported="false"
144-->[com.stripe:payments-core:20.1.0] AndroidManifest.xml:72:13-37
145            android:theme="@style/StripeGooglePayDefaultTheme" />
145-->[com.stripe:payments-core:20.1.0] AndroidManifest.xml:73:13-63
146        <activity
146-->[com.stripe:payments-core:20.1.0] AndroidManifest.xml:74:9-77:66
147            android:name="com.stripe.android.googlepaylauncher.GooglePayLauncherActivity"
147-->[com.stripe:payments-core:20.1.0] AndroidManifest.xml:75:13-90
148            android:exported="false"
148-->[com.stripe:payments-core:20.1.0] AndroidManifest.xml:76:13-37
149            android:theme="@style/StripeGooglePayDefaultTheme" />
149-->[com.stripe:payments-core:20.1.0] AndroidManifest.xml:77:13-63
150        <activity
150-->[com.stripe:payments-core:20.1.0] AndroidManifest.xml:78:9-81:66
151            android:name="com.stripe.android.googlepaylauncher.GooglePayPaymentMethodLauncherActivity"
151-->[com.stripe:payments-core:20.1.0] AndroidManifest.xml:79:13-103
152            android:exported="false"
152-->[com.stripe:payments-core:20.1.0] AndroidManifest.xml:80:13-37
153            android:theme="@style/StripeGooglePayDefaultTheme" />
153-->[com.stripe:payments-core:20.1.0] AndroidManifest.xml:81:13-63
154        <activity
154-->[com.stripe:payments-core:20.1.0] AndroidManifest.xml:82:9-85:62
155            android:name="com.stripe.android.payments.paymentlauncher.PaymentLauncherConfirmationActivity"
155-->[com.stripe:payments-core:20.1.0] AndroidManifest.xml:83:13-107
156            android:exported="false"
156-->[com.stripe:payments-core:20.1.0] AndroidManifest.xml:84:13-37
157            android:theme="@style/PayLauncherDefaultTheme" />
157-->[com.stripe:payments-core:20.1.0] AndroidManifest.xml:85:13-59
158        <activity
158-->[com.stripe:payments-core:20.1.0] AndroidManifest.xml:86:9-89:61
159            android:name="com.stripe.android.payments.bankaccount.ui.CollectBankAccountActivity"
159-->[com.stripe:payments-core:20.1.0] AndroidManifest.xml:87:13-97
160            android:exported="false"
160-->[com.stripe:payments-core:20.1.0] AndroidManifest.xml:88:13-37
161            android:theme="@style/StripeTransparentTheme" />
161-->[com.stripe:payments-core:20.1.0] AndroidManifest.xml:89:13-58
162        <activity
162-->[com.stripe:stripe-3ds2-android:6.1.5] AndroidManifest.xml:10:9-13:54
163            android:name="com.stripe.android.stripe3ds2.views.ChallengeActivity"
163-->[com.stripe:stripe-3ds2-android:6.1.5] AndroidManifest.xml:11:13-81
164            android:exported="false"
164-->[com.stripe:stripe-3ds2-android:6.1.5] AndroidManifest.xml:12:13-37
165            android:theme="@style/Stripe3DS2Theme" /> <!-- Needs to be explicitly declared on P+ -->
165-->[com.stripe:stripe-3ds2-android:6.1.5] AndroidManifest.xml:13:13-51
166        <uses-library
166-->[com.google.android.gms:play-services-maps:18.0.2] AndroidManifest.xml:39:9-41:40
167            android:name="org.apache.http.legacy"
167-->[com.google.android.gms:play-services-maps:18.0.2] AndroidManifest.xml:40:13-50
168            android:required="false" />
168-->[com.google.android.gms:play-services-maps:18.0.2] AndroidManifest.xml:41:13-37
169
170        <activity
170-->[com.google.android.gms:play-services-base:18.0.1] AndroidManifest.xml:20:9-22:45
171            android:name="com.google.android.gms.common.api.GoogleApiActivity"
171-->[com.google.android.gms:play-services-base:18.0.1] AndroidManifest.xml:20:19-85
172            android:exported="false"
172-->[com.google.android.gms:play-services-base:18.0.1] AndroidManifest.xml:22:19-43
173            android:theme="@android:style/Theme.Translucent.NoTitleBar" />
173-->[com.google.android.gms:play-services-base:18.0.1] AndroidManifest.xml:21:19-78
174
175        <meta-data
175-->[com.google.android.gms:play-services-basement:18.0.0] AndroidManifest.xml:21:9-23:69
176            android:name="com.google.android.gms.version"
176-->[com.google.android.gms:play-services-basement:18.0.0] AndroidManifest.xml:22:13-58
177            android:value="@integer/google_play_services_version" />
177-->[com.google.android.gms:play-services-basement:18.0.0] AndroidManifest.xml:23:13-66
178
179        <uses-library
179-->[androidx.window:window:1.0.0-beta04] AndroidManifest.xml:25:9-27:40
180            android:name="androidx.window.extensions"
180-->[androidx.window:window:1.0.0-beta04] AndroidManifest.xml:26:13-54
181            android:required="false" />
181-->[androidx.window:window:1.0.0-beta04] AndroidManifest.xml:27:13-37
182        <uses-library
182-->[androidx.window:window:1.0.0-beta04] AndroidManifest.xml:28:9-30:40
183            android:name="androidx.window.sidecar"
183-->[androidx.window:window:1.0.0-beta04] AndroidManifest.xml:29:13-51
184            android:required="false" />
184-->[androidx.window:window:1.0.0-beta04] AndroidManifest.xml:30:13-37
185
186        <provider
186-->[androidx.emoji2:emoji2:1.0.0] AndroidManifest.xml:26:9-34:20
187            android:name="androidx.startup.InitializationProvider"
187-->[androidx.emoji2:emoji2:1.0.0] AndroidManifest.xml:27:13-67
188            android:authorities="com.example.task.androidx-startup"
188-->[androidx.emoji2:emoji2:1.0.0] AndroidManifest.xml:28:13-68
189            android:exported="false" >
189-->[androidx.emoji2:emoji2:1.0.0] AndroidManifest.xml:29:13-37
190            <meta-data
190-->[androidx.emoji2:emoji2:1.0.0] AndroidManifest.xml:31:13-33:52
191                android:name="androidx.emoji2.text.EmojiCompatInitializer"
191-->[androidx.emoji2:emoji2:1.0.0] AndroidManifest.xml:32:17-75
192                android:value="androidx.startup" />
192-->[androidx.emoji2:emoji2:1.0.0] AndroidManifest.xml:33:17-49
193            <meta-data
193-->[androidx.lifecycle:lifecycle-process:2.4.0] AndroidManifest.xml:31:13-33:52
194                android:name="androidx.lifecycle.ProcessLifecycleInitializer"
194-->[androidx.lifecycle:lifecycle-process:2.4.0] AndroidManifest.xml:32:17-78
195                android:value="androidx.startup" />
195-->[androidx.lifecycle:lifecycle-process:2.4.0] AndroidManifest.xml:33:17-49
196            <meta-data
196-->[androidx.profileinstaller:profileinstaller:1.1.0] AndroidManifest.xml:31:13-33:52
197                android:name="androidx.profileinstaller.ProfileInstallerInitializer"
197-->[androidx.profileinstaller:profileinstaller:1.1.0] AndroidManifest.xml:32:17-85
198                android:value="androidx.startup" />
198-->[androidx.profileinstaller:profileinstaller:1.1.0] AndroidManifest.xml:33:17-49
199        </provider>
200
201        <receiver
201-->[androidx.profileinstaller:profileinstaller:1.1.0] AndroidManifest.xml:36:9-45:20
202            android:name="androidx.profileinstaller.ProfileInstallReceiver"
202-->[androidx.profileinstaller:profileinstaller:1.1.0] AndroidManifest.xml:37:13-76
203            android:directBootAware="false"
203-->[androidx.profileinstaller:profileinstaller:1.1.0] AndroidManifest.xml:38:13-44
204            android:enabled="true"
204-->[androidx.profileinstaller:profileinstaller:1.1.0] AndroidManifest.xml:39:13-35
205            android:exported="true"
205-->[androidx.profileinstaller:profileinstaller:1.1.0] AndroidManifest.xml:40:13-36
206            android:permission="android.permission.DUMP" >
206-->[androidx.profileinstaller:profileinstaller:1.1.0] AndroidManifest.xml:41:13-57
207            <intent-filter>
207-->[androidx.profileinstaller:profileinstaller:1.1.0] AndroidManifest.xml:42:13-44:29
208                <action android:name="androidx.profileinstaller.action.INSTALL_PROFILE" />
208-->[androidx.profileinstaller:profileinstaller:1.1.0] AndroidManifest.xml:43:17-91
208-->[androidx.profileinstaller:profileinstaller:1.1.0] AndroidManifest.xml:43:25-88
209            </intent-filter>
210        </receiver>
211
212        <meta-data
212-->[com.google.android.instantapps:instantapps:1.1.0] AndroidManifest.xml:10:9-12:33
213            android:name="aia-compat-api-min-version"
213-->[com.google.android.instantapps:instantapps:1.1.0] AndroidManifest.xml:11:13-54
214            android:value="1" />
214-->[com.google.android.instantapps:instantapps:1.1.0] AndroidManifest.xml:12:13-30
215    </application>
216
217</manifest>